<?xml version="1.0" encoding="UTF-8"?>
<!-- Generated by org.testng.reporters.JUnitReportReporter -->
<testsuite hostname="OJPTS" failures="0" tests="2" name="com.qa.crm.testCases.LoginPageTest" time="124.334" errors="0" timestamp="2023-01-20T15:50:53 IST" skipped="0">
  <testcase classname="com.qa.crm.testCases.LoginPageTest" name="loginPageTitleTest" time="59.133"/>
  <system-out/>
  <testcase classname="com.qa.crm.testCases.LoginPageTest" name="loginTest" time="65.201"/>
  <system-out/>
</testsuite> <!-- com.qa.crm.testCases.LoginPageTest -->
