<?xml version="1.0" encoding="UTF-8"?>
<!-- Generated by org.testng.reporters.JUnitReportReporter -->
<testsuite hostname="OJPTS" failures="0" tests="6" name="com.qa.crm.testCases.HomePageTest" time="229.519" errors="0" timestamp="2023-01-20T15:50:53 IST" skipped="0">
  <testcase classname="com.qa.crm.testCases.HomePageTest" name="verifyHomePageTitleTest" time="38.136"/>
  <system-out/>
  <testcase classname="com.qa.crm.testCases.HomePageTest" name="verifyCorrectUserNameTest" time="43.258"/>
  <system-out/>
  <testcase classname="com.qa.crm.testCases.HomePageTest" name="clickOnContactsLinkTest" time="36.594"/>
  <system-out/>
  <testcase classname="com.qa.crm.testCases.HomePageTest" name="clickOnDealsLinkTest" time="42.390"/>
  <system-out/>
  <testcase classname="com.qa.crm.testCases.HomePageTest" name="clickOnNewContactsLinkTest" time="35.431"/>
  <system-out/>
  <testcase classname="com.qa.crm.testCases.HomePageTest" name="clickOnTasksLinkTest" time="33.710"/>
  <system-out/>
</testsuite> <!-- com.qa.crm.testCases.HomePageTest -->
